// This file has been generated by the ResComp tool
.lfile 'C:\Users\gdr\Documents\source\mobile-app\MobileApp\resources\resources.lstx'
.res LOGO
.image "icon.png"
.res HOME_TAB_EN
.bin
.string "HOME"
.res HOME_TAB_FR
.bin
.string "ACCUEIL"
.res TRACKING_ALERT_TAB_EN
.bin
.string "TRACKING ALERT"
.res TRACKING_ALERT_TAB_FR
.bin
.string "Remont"
.byte 0xc3,0xa9
.string " d'alerte"
.res CREATE_ALERT_TAB_EN
.bin
.string "CREATE ALERT"
.res CREATE_ALERT_TAB_FR
.bin
.string " Creation d'alerte "
.res alert_create_String_Alert_Name
.bin
.string "Alert name : "
.res alert_create_String_Alert_Name_FR
.bin
.string "Nom de l'alerte : "
.res alert_create_String_Operator_Name
.bin
.string "Operator : "
.res alert_create_String_Operator_Name_FR
.bin
.string "Operateur : "
.res alert_create_String_Threshold_Value
.bin
.string "Threshold value : "
.res alert_create_String_Threshold_Value_FR
.bin
.string "Valeur du seuil"
.res alert_create_String_Unit
.bin
.string "Unit : "
.res alert_create_String_Unit_FR
.bin
.string "Unit"
.byte 0xc3,0xa9
.string " : "
.res alert_create_String_Key_Value
.bin
.string "Key value : "
.res alert_create_String_Key_Value_FR
.bin
.string "Valeur cl"
.byte 0xc3,0xa9
.string "f : "
.res alert_create_Label_asset_choice
.bin
.string "Asset choice : "
.res alert_create_Label_asset_choice_FR
.bin
.string "Choix du serveur"
.res alert_create_Button_Delete_Alert
.bin
.string "Delete"
.res alert_create_Button_Delete_Alert_FR
.bin
.string "Supprimer"
.res alert_create_Button_Cancel_Alert
.bin
.string "Cancel"
.res alert_create_Button_Cancel_Alert_FR
.bin
.string "Annuler"
.res alert_create_Button_Detail_Alert
.bin
.string "Detail"
.res alert_create_Button_Detail_Alert_FR
.bin
.string "D"
.byte 0xc3,0xa9
.string "tail"
.res alert_create_Button_Add_another_recipient
.bin
.string "Add another recipient"
.res alert_create_Button_Add_another_recipient_FR
.bin
.string "Ajouter un autre destinataire"
.res alert_create_Button_Create_alert
.bin
.string "Create alert"
.res alert_create_Button_Create_alert_FR
.bin
.string "Cr"
.byte 0xc3,0xa9
.string "er l'alerte"
.res alert_create_Label_Snooze
.bin
.string "Choice of the snooze value : "
.res alert_create_Label_Snooze_FR
.bin
.string "Choix du snooze : "
.res alert_create_Label_Seconde
.bin
.string "sec"
.res alert_create_Label_Seconde_FR
.bin
.string "sec"
.res alert_create_Button_add_list
.bin
.string "Add to the list"
.res alert_create_Button_add_list_FR
.bin
.string "Ajouter "
.byte 0xc3,0xa0
.string " la liste"
.res alert_create_Label_key_value
.bin
.string "Choice of the key value : "
.res alert_create_Label_key_value_FR
.bin
.string "Choix de la valeur clef : "
.res alert_create_Label_operator
.bin
.string "Choice of the operator : "
.res alert_create_Label_operator_FR
.bin
.string "Choix de l'operateur : "
.res alert_create_Label_value
.bin
.string "Choice of the value : "
.res alert_create_Label_value_FR
.bin
.string "Choix de la valeur : "
.res alert_create_Button_Add_recipient
.bin
.string "Add a recipient"
.res alert_create_Button_Add_recipient_FR
.bin
.string "Ajouter un destinataire"
.res Screen_Main_close_app
.bin
.string "Now, you can not receive alerts, this application is stopped"
.res Screen_Main_close_app_FR
.bin
.string "Maintenant vous ne recevrez plus d'alert, l'application est arret"
.byte 0xc3,0xa9
.string "e "
.res Screen_Main_Button_close_app
.bin
.string "Close Application"
.res Screen_Main_Button_close_app_FR
.bin
.string "Fermer l'appication"
.res Screen_Main_Button_home
.bin
.string "Home"
.res Screen_Main_Button_home_FR
.bin
.string "Accueil"
.res Screen_Main_Button_cancel
.bin
.string "Cancel"
.res Screen_Main_Button_cancel_FR
.bin
.string "Annuler"
.res alert_create_Button_add_alert
.bin
.string "Add an alert"
.res alert_create_Button_add_alert_FR
.bin
.string "Ajouter une alerte"

// *** End of non-variant resources

.res
.label "res-types"
.res
.bin
.byte 0x35,0x00,0x02,0x04,0x04,0x04,0x04,0x04,0x04,0x04,0x04,0x04
.byte 0x04,0x04,0x04,0x04,0x04,0x04,0x04,0x04,0x04,0x04,0x04,0x04
.byte 0x04,0x04,0x04,0x04,0x04,0x04,0x04,0x04,0x04,0x04,0x04,0x04
.byte 0x04,0x04,0x04,0x04,0x04,0x04,0x04,0x04,0x04,0x04,0x04,0x04
.byte 0x04,0x04,0x04,0x04,0x04,0x04,0x04
